[debug] [2022-02-09T08:55:03.860Z] ----------------------------------------------------------------------
[debug] [2022-02-09T08:55:03.861Z] Command:       /usr/local/bin/firebase /Users/alfrolition/.cache/firebase/tools/lib/node_modules/firebase-tools/lib/bin/firebase deploy
[debug] [2022-02-09T08:55:03.861Z] CLI Version:   10.1.5
[debug] [2022-02-09T08:55:03.861Z] Platform:      darwin
[debug] [2022-02-09T08:55:03.861Z] Node Version:  v12.18.1
[debug] [2022-02-09T08:55:03.862Z] Time:          Wed Feb 09 2022 00:55:03 GMT-0800 (Pacific Standard Time)
[debug] [2022-02-09T08:55:03.862Z] ----------------------------------------------------------------------
[debug] 
[debug] [2022-02-09T08:55:03.911Z] > command requires scopes: ["email","openid","https://www.googleapis.com/auth/cloudplatformprojects.readonly","https://www.googleapis.com/auth/firebase","https://www.googleapis.com/auth/cloud-platform"]
[debug] [2022-02-09T08:55:03.911Z] > authorizing via signed-in user (support@chekinfotech.com)
[debug] [2022-02-09T08:55:03.911Z] [iam] checking project clinic-accreditation for permissions ["firebase.projects.get","firebasehosting.sites.update"]
[debug] [2022-02-09T08:55:03.913Z] >>> [apiv2][query] POST https://cloudresourcemanager.googleapis.com/v1/projects/clinic-accreditation:testIamPermissions [none]
[debug] [2022-02-09T08:55:03.913Z] >>> [apiv2][body] POST https://cloudresourcemanager.googleapis.com/v1/projects/clinic-accreditation:testIamPermissions {"permissions":["firebase.projects.get","firebasehosting.sites.update"]}
[debug] [2022-02-09T08:55:04.068Z] <<< [apiv2][status] POST https://cloudresourcemanager.googleapis.com/v1/projects/clinic-accreditation:testIamPermissions 200
[debug] [2022-02-09T08:55:04.069Z] <<< [apiv2][body] POST https://cloudresourcemanager.googleapis.com/v1/projects/clinic-accreditation:testIamPermissions {"permissions":["firebase.projects.get","firebasehosting.sites.update"]}
[debug] [2022-02-09T08:55:04.070Z] >>> [apiv2][query] GET https://firebase.googleapis.com/v1beta1/projects/clinic-accreditation [none]
[debug] [2022-02-09T08:55:04.261Z] <<< [apiv2][status] GET https://firebase.googleapis.com/v1beta1/projects/clinic-accreditation 200
[debug] [2022-02-09T08:55:04.262Z] <<< [apiv2][body] GET https://firebase.googleapis.com/v1beta1/projects/clinic-accreditation {"projectId":"clinic-accreditation","projectNumber":"1072182932381","displayName":"Clinic Accreditation","name":"projects/clinic-accreditation","resources":{"hostingSite":"clinic-accreditation"},"state":"ACTIVE"}
[info] 
[info] === Deploying to 'clinic-accreditation'...
[info] 
[info] i  deploying hosting 
[debug] [2022-02-09T08:55:04.271Z] > refreshing access token with scopes: ["email","https://www.googleapis.com/auth/cloud-platform","https://www.googleapis.com/auth/cloudplatformprojects.readonly","https://www.googleapis.com/auth/firebase","openid"]
[debug] [2022-02-09T08:55:04.272Z] >>> HTTP REQUEST POST https://www.googleapis.com/oauth2/v3/token  
 <request body omitted>
[debug] [2022-02-09T08:55:04.389Z] <<< HTTP RESPONSE 200 {"expires":"Mon, 01 Jan 1990 00:00:00 GMT","cache-control":"no-cache, no-store, max-age=0, must-revalidate","pragma":"no-cache","date":"Wed, 09 Feb 2022 08:55:04 GMT","content-type":"application/json; charset=utf-8","vary":"X-Origin, Referer, Origin,Accept-Encoding","server":"scaffolding on HTTPServer2","x-xss-protection":"0","x-frame-options":"SAMEORIGIN","x-content-type-options":"nosniff","alt-svc":"h3=\":443\"; ma=2592000,h3-29=\":443\"; ma=2592000,h3-Q050=\":443\"; ma=2592000,h3-Q046=\":443\"; ma=2592000,h3-Q043=\":443\"; ma=2592000,quic=\":443\"; ma=2592000; v=\"46,43\"","accept-ranges":"none","transfer-encoding":"chunked"}
[debug] [2022-02-09T08:55:04.444Z] >>> HTTP REQUEST POST https://firebasehosting.googleapis.com/v1beta1/sites/clinic-accreditation/versions  
 {"config":{"rewrites":[{"glob":"**","path":"/index.html"}]},"labels":{"deployment-tool":"cli-firebase"}}
[debug] [2022-02-09T08:55:05.196Z] <<< HTTP RESPONSE 500 {"vary":"X-Origin, Referer, Origin,Accept-Encoding","content-type":"application/json; charset=UTF-8","date":"Wed, 09 Feb 2022 08:55:05 GMT","server":"ESF","cache-control":"private","x-xss-protection":"0","x-frame-options":"SAMEORIGIN","x-content-type-options":"nosniff","alt-svc":"h3=\":443\"; ma=2592000,h3-29=\":443\"; ma=2592000,h3-Q050=\":443\"; ma=2592000,h3-Q046=\":443\"; ma=2592000,h3-Q043=\":443\"; ma=2592000,quic=\":443\"; ma=2592000; v=\"46,43\"","accept-ranges":"none","transfer-encoding":"chunked"}
[debug] [2022-02-09T08:55:05.196Z] <<< HTTP RESPONSE BODY {"error":{"code":500,"message":"Internal error encountered.","status":"INTERNAL"}}
[error] 
[error] Error: HTTP Error: 500, Internal error encountered.
[debug] [2022-02-09T08:55:05.206Z] Error Context: {
  "body": {
    "error": {
      "code": 500,
      "message": "Internal error encountered.",
      "status": "INTERNAL"
    }
  },
  "response": {
    "statusCode": 500,
    "body": {
      "error": {
        "code": 500,
        "message": "Internal error encountered.",
        "status": "INTERNAL"
      }
    },
    "headers": {
      "vary": "X-Origin, Referer, Origin,Accept-Encoding",
      "content-type": "application/json; charset=UTF-8",
      "date": "Wed, 09 Feb 2022 08:55:05 GMT",
      "server": "ESF",
      "cache-control": "private",
      "x-xss-protection": "0",
      "x-frame-options": "SAMEORIGIN",
      "x-content-type-options": "nosniff",
      "alt-svc": "h3=\":443\"; ma=2592000,h3-29=\":443\"; ma=2592000,h3-Q050=\":443\"; ma=2592000,h3-Q046=\":443\"; ma=2592000,h3-Q043=\":443\"; ma=2592000,quic=\":443\"; ma=2592000; v=\"46,43\"",
      "accept-ranges": "none",
      "transfer-encoding": "chunked"
    },
    "request": {
      "uri": {
        "protocol": "https:",
        "slashes": true,
        "auth": null,
        "host": "firebasehosting.googleapis.com",
        "port": 443,
        "hostname": "firebasehosting.googleapis.com",
        "hash": null,
        "search": null,
        "query": null,
        "pathname": "/v1beta1/sites/clinic-accreditation/versions",
        "path": "/v1beta1/sites/clinic-accreditation/versions",
        "href": "https://firebasehosting.googleapis.com/v1beta1/sites/clinic-accreditation/versions"
      },
      "method": "POST"
    }
  }
}
[debug] [2022-02-09T08:55:16.546Z] ----------------------------------------------------------------------
[debug] [2022-02-09T08:55:16.547Z] Command:       /usr/local/bin/firebase /Users/alfrolition/.cache/firebase/tools/lib/node_modules/firebase-tools/lib/bin/firebase deploy
[debug] [2022-02-09T08:55:16.547Z] CLI Version:   10.1.5
[debug] [2022-02-09T08:55:16.547Z] Platform:      darwin
[debug] [2022-02-09T08:55:16.548Z] Node Version:  v12.18.1
[debug] [2022-02-09T08:55:16.548Z] Time:          Wed Feb 09 2022 00:55:16 GMT-0800 (Pacific Standard Time)
[debug] [2022-02-09T08:55:16.548Z] ----------------------------------------------------------------------
[debug] 
[debug] [2022-02-09T08:55:16.596Z] > command requires scopes: ["email","openid","https://www.googleapis.com/auth/cloudplatformprojects.readonly","https://www.googleapis.com/auth/firebase","https://www.googleapis.com/auth/cloud-platform"]
[debug] [2022-02-09T08:55:16.597Z] > authorizing via signed-in user (support@chekinfotech.com)
[debug] [2022-02-09T08:55:16.597Z] [iam] checking project clinic-accreditation for permissions ["firebase.projects.get","firebasehosting.sites.update"]
[debug] [2022-02-09T08:55:16.598Z] > refreshing access token with scopes: []
[debug] [2022-02-09T08:55:16.598Z] >>> HTTP REQUEST POST https://www.googleapis.com/oauth2/v3/token  
 <request body omitted>
[debug] [2022-02-09T08:55:16.737Z] <<< HTTP RESPONSE 200 {"pragma":"no-cache","date":"Wed, 09 Feb 2022 08:55:16 GMT","cache-control":"no-cache, no-store, max-age=0, must-revalidate","expires":"Mon, 01 Jan 1990 00:00:00 GMT","content-type":"application/json; charset=utf-8","vary":"X-Origin, Referer, Origin,Accept-Encoding","server":"scaffolding on HTTPServer2","x-xss-protection":"0","x-frame-options":"SAMEORIGIN","x-content-type-options":"nosniff","alt-svc":"h3=\":443\"; ma=2592000,h3-29=\":443\"; ma=2592000,h3-Q050=\":443\"; ma=2592000,h3-Q046=\":443\"; ma=2592000,h3-Q043=\":443\"; ma=2592000,quic=\":443\"; ma=2592000; v=\"46,43\"","accept-ranges":"none","transfer-encoding":"chunked"}
[debug] [2022-02-09T08:55:16.784Z] >>> [apiv2][query] POST https://cloudresourcemanager.googleapis.com/v1/projects/clinic-accreditation:testIamPermissions [none]
[debug] [2022-02-09T08:55:16.784Z] >>> [apiv2][body] POST https://cloudresourcemanager.googleapis.com/v1/projects/clinic-accreditation:testIamPermissions {"permissions":["firebase.projects.get","firebasehosting.sites.update"]}
[debug] [2022-02-09T08:55:16.909Z] <<< [apiv2][status] POST https://cloudresourcemanager.googleapis.com/v1/projects/clinic-accreditation:testIamPermissions 200
[debug] [2022-02-09T08:55:16.909Z] <<< [apiv2][body] POST https://cloudresourcemanager.googleapis.com/v1/projects/clinic-accreditation:testIamPermissions {"permissions":["firebase.projects.get","firebasehosting.sites.update"]}
[debug] [2022-02-09T08:55:16.912Z] >>> [apiv2][query] GET https://firebase.googleapis.com/v1beta1/projects/clinic-accreditation [none]
[debug] [2022-02-09T08:55:17.105Z] <<< [apiv2][status] GET https://firebase.googleapis.com/v1beta1/projects/clinic-accreditation 200
[debug] [2022-02-09T08:55:17.105Z] <<< [apiv2][body] GET https://firebase.googleapis.com/v1beta1/projects/clinic-accreditation {"projectId":"clinic-accreditation","projectNumber":"1072182932381","displayName":"Clinic Accreditation","name":"projects/clinic-accreditation","resources":{"hostingSite":"clinic-accreditation"},"state":"ACTIVE"}
[info] 
[info] === Deploying to 'clinic-accreditation'...
[info] 
[info] i  deploying hosting 
[debug] [2022-02-09T08:55:17.114Z] > refreshing access token with scopes: ["email","https://www.googleapis.com/auth/cloud-platform","https://www.googleapis.com/auth/cloudplatformprojects.readonly","https://www.googleapis.com/auth/firebase","openid"]
[debug] [2022-02-09T08:55:17.114Z] >>> HTTP REQUEST POST https://www.googleapis.com/oauth2/v3/token  
 <request body omitted>
[debug] [2022-02-09T08:55:17.196Z] <<< HTTP RESPONSE 200 {"expires":"Mon, 01 Jan 1990 00:00:00 GMT","date":"Wed, 09 Feb 2022 08:55:17 GMT","pragma":"no-cache","cache-control":"no-cache, no-store, max-age=0, must-revalidate","content-type":"application/json; charset=utf-8","vary":"X-Origin, Referer, Origin,Accept-Encoding","server":"scaffolding on HTTPServer2","x-xss-protection":"0","x-frame-options":"SAMEORIGIN","x-content-type-options":"nosniff","alt-svc":"h3=\":443\"; ma=2592000,h3-29=\":443\"; ma=2592000,h3-Q050=\":443\"; ma=2592000,h3-Q046=\":443\"; ma=2592000,h3-Q043=\":443\"; ma=2592000,quic=\":443\"; ma=2592000; v=\"46,43\"","accept-ranges":"none","transfer-encoding":"chunked"}
[debug] [2022-02-09T08:55:17.247Z] >>> HTTP REQUEST POST https://firebasehosting.googleapis.com/v1beta1/sites/clinic-accreditation/versions  
 {"config":{"rewrites":[{"glob":"**","path":"/index.html"}]},"labels":{"deployment-tool":"cli-firebase"}}
[debug] [2022-02-09T08:55:18.013Z] <<< HTTP RESPONSE 500 {"vary":"X-Origin, Referer, Origin,Accept-Encoding","content-type":"application/json; charset=UTF-8","date":"Wed, 09 Feb 2022 08:55:17 GMT","server":"ESF","cache-control":"private","x-xss-protection":"0","x-frame-options":"SAMEORIGIN","x-content-type-options":"nosniff","alt-svc":"h3=\":443\"; ma=2592000,h3-29=\":443\"; ma=2592000,h3-Q050=\":443\"; ma=2592000,h3-Q046=\":443\"; ma=2592000,h3-Q043=\":443\"; ma=2592000,quic=\":443\"; ma=2592000; v=\"46,43\"","accept-ranges":"none","transfer-encoding":"chunked"}
[debug] [2022-02-09T08:55:18.013Z] <<< HTTP RESPONSE BODY {"error":{"code":500,"message":"Internal error encountered.","status":"INTERNAL"}}
[error] 
[error] Error: HTTP Error: 500, Internal error encountered.
[debug] [2022-02-09T08:55:18.023Z] Error Context: {
  "body": {
    "error": {
      "code": 500,
      "message": "Internal error encountered.",
      "status": "INTERNAL"
    }
  },
  "response": {
    "statusCode": 500,
    "body": {
      "error": {
        "code": 500,
        "message": "Internal error encountered.",
        "status": "INTERNAL"
      }
    },
    "headers": {
      "vary": "X-Origin, Referer, Origin,Accept-Encoding",
      "content-type": "application/json; charset=UTF-8",
      "date": "Wed, 09 Feb 2022 08:55:17 GMT",
      "server": "ESF",
      "cache-control": "private",
      "x-xss-protection": "0",
      "x-frame-options": "SAMEORIGIN",
      "x-content-type-options": "nosniff",
      "alt-svc": "h3=\":443\"; ma=2592000,h3-29=\":443\"; ma=2592000,h3-Q050=\":443\"; ma=2592000,h3-Q046=\":443\"; ma=2592000,h3-Q043=\":443\"; ma=2592000,quic=\":443\"; ma=2592000; v=\"46,43\"",
      "accept-ranges": "none",
      "transfer-encoding": "chunked"
    },
    "request": {
      "uri": {
        "protocol": "https:",
        "slashes": true,
        "auth": null,
        "host": "firebasehosting.googleapis.com",
        "port": 443,
        "hostname": "firebasehosting.googleapis.com",
        "hash": null,
        "search": null,
        "query": null,
        "pathname": "/v1beta1/sites/clinic-accreditation/versions",
        "path": "/v1beta1/sites/clinic-accreditation/versions",
        "href": "https://firebasehosting.googleapis.com/v1beta1/sites/clinic-accreditation/versions"
      },
      "method": "POST"
    }
  }
}
